Replace Part * con_usb_micro_b in C:\Users\magnehh\Documents\GitHub\Nixie-imponator\Nixie-imponator-pcb-boost\Nixie-imp-boost-v1.SchDoc with con_usb_micro_b from Nixie-imp-sch-lib.SchLib
Replace Part * mec_gen_microphone in C:\Users\magnehh\Documents\GitHub\Nixie-imponator\Nixie-imponator-pcb-boost\Nixie-imp-boost-v1.SchDoc with mec_gen_microphone from Nixie-imp-sch-lib.SchLib
Replace Part * ic_mcu_8bit_atmel_attiny_25_45_85 in C:\Users\magnehh\Documents\GitHub\Nixie-imponator\Nixie-imponator-pcb-boost\Nixie-imp-boost-v1.SchDoc with ic_mcu_8bit_atmel_attiny_25_45_85 from Nixie-imp-sch-lib.SchLib
Replace Part * bat_ser_single_liion in C:\Users\magnehh\Documents\GitHub\Nixie-imponator\Nixie-imponator-pcb-boost\Nixie-imp-boost-v1.SchDoc with bat_ser_single_liion from Nixie-imp-sch-lib.SchLib
Replace Part * ic_vreg_dcdc_max771 in C:\Users\magnehh\Documents\GitHub\Nixie-imponator\Nixie-imponator-pcb-boost\Nixie-imp-boost-v1.SchDoc with ic_vreg_dcdc_max771 from Nixie-imp-sch-lib.SchLib
Replace Part C? cap__genCapPolar in C:\Users\magnehh\Documents\GitHub\Nixie-imponator\Nixie-imponator-pcb-boost\Nixie-imp-boost-v1.SchDoc with cap__genCapPolar from Nixie-imp-sch-lib.SchLib
Replace Part C? cap__genCapUnipol in C:\Users\magnehh\Documents\GitHub\Nixie-imponator\Nixie-imponator-pcb-boost\Nixie-imp-boost-v1.SchDoc with cap__genCapUnipol from Nixie-imp-sch-lib.SchLib
Replace Part C? cap__genCapUnipol in C:\Users\magnehh\Documents\GitHub\Nixie-imponator\Nixie-imponator-pcb-boost\Nixie-imp-boost-v1.SchDoc with cap__genCapUnipol from Nixie-imp-sch-lib.SchLib
Replace Part C? cap__genCapPolar in C:\Users\magnehh\Documents\GitHub\Nixie-imponator\Nixie-imponator-pcb-boost\Nixie-imp-boost-v1.SchDoc with cap__genCapPolar from Nixie-imp-sch-lib.SchLib
Replace Part C? cap__genCapUnipol in C:\Users\magnehh\Documents\GitHub\Nixie-imponator\Nixie-imponator-pcb-boost\Nixie-imp-boost-v1.SchDoc with cap__genCapUnipol from Nixie-imp-sch-lib.SchLib
Replace Part C? cap__genCapUnipol in C:\Users\magnehh\Documents\GitHub\Nixie-imponator\Nixie-imponator-pcb-boost\Nixie-imp-boost-v1.SchDoc with cap__genCapUnipol from Nixie-imp-sch-lib.SchLib
Replace Part C? cap__genCapUnipol in C:\Users\magnehh\Documents\GitHub\Nixie-imponator\Nixie-imponator-pcb-boost\Nixie-imp-boost-v1.SchDoc with cap__genCapUnipol from Nixie-imp-sch-lib.SchLib
Replace Part C? cap__genCapPolar in C:\Users\magnehh\Documents\GitHub\Nixie-imponator\Nixie-imponator-pcb-boost\Nixie-imp-boost-v1.SchDoc with cap__genCapPolar from Nixie-imp-sch-lib.SchLib
Replace Part D? dio__genSchottkyDiode in C:\Users\magnehh\Documents\GitHub\Nixie-imponator\Nixie-imponator-pcb-boost\Nixie-imp-boost-v1.SchDoc with dio__genSchottkyDiode from Nixie-imp-sch-lib.SchLib
Replace Part L? ind__genInductorFixedAirCore in C:\Users\magnehh\Documents\GitHub\Nixie-imponator\Nixie-imponator-pcb-boost\Nixie-imp-boost-v1.SchDoc with ind__genInductorFixedAirCore from Nixie-imp-sch-lib.SchLib
Replace Part R? res__genResistor in C:\Users\magnehh\Documents\GitHub\Nixie-imponator\Nixie-imponator-pcb-boost\Nixie-imp-boost-v1.SchDoc with res__genResistor from Nixie-imp-sch-lib.SchLib
Replace Part R? res__genResistor in C:\Users\magnehh\Documents\GitHub\Nixie-imponator\Nixie-imponator-pcb-boost\Nixie-imp-boost-v1.SchDoc with res__genResistor from Nixie-imp-sch-lib.SchLib
Replace Part R? res__genResistor in C:\Users\magnehh\Documents\GitHub\Nixie-imponator\Nixie-imponator-pcb-boost\Nixie-imp-boost-v1.SchDoc with res__genResistor from Nixie-imp-sch-lib.SchLib
Replace Part R? res__genResistor in C:\Users\magnehh\Documents\GitHub\Nixie-imponator\Nixie-imponator-pcb-boost\Nixie-imp-boost-v1.SchDoc with res__genResistor from Nixie-imp-sch-lib.SchLib
Replace Part R? res__genResistor in C:\Users\magnehh\Documents\GitHub\Nixie-imponator\Nixie-imponator-pcb-boost\Nixie-imp-boost-v1.SchDoc with res__genResistor from Nixie-imp-sch-lib.SchLib
Replace Part R? res__genResistor in C:\Users\magnehh\Documents\GitHub\Nixie-imponator\Nixie-imponator-pcb-boost\Nixie-imp-boost-v1.SchDoc with res__genResistor from Nixie-imp-sch-lib.SchLib
Replace Part R? res__genResistor in C:\Users\magnehh\Documents\GitHub\Nixie-imponator\Nixie-imponator-pcb-boost\Nixie-imp-boost-v1.SchDoc with res__genResistor from Nixie-imp-sch-lib.SchLib
Replace Part R? res__genResistor in C:\Users\magnehh\Documents\GitHub\Nixie-imponator\Nixie-imponator-pcb-boost\Nixie-imp-boost-v1.SchDoc with res__genResistor from Nixie-imp-sch-lib.SchLib
Replace Part S* mec_switch_spst_onoff in C:\Users\magnehh\Documents\GitHub\Nixie-imponator\Nixie-imponator-pcb-boost\Nixie-imp-boost-v1.SchDoc with mec_switch_spst_onoff from Nixie-imp-sch-lib.SchLib
Replace Part T? transi__genNPN in C:\Users\magnehh\Documents\GitHub\Nixie-imponator\Nixie-imponator-pcb-boost\Nixie-imp-boost-v1.SchDoc with transi__genNPN from Nixie-imp-sch-lib.SchLib
Replace Part T? transi__gen_nmos in C:\Users\magnehh\Documents\GitHub\Nixie-imponator\Nixie-imponator-pcb-boost\Nixie-imp-boost-v1.SchDoc with transi__gen_nmos from Nixie-imp-sch-lib.SchLib
Replace Part T? transi__genNPN in C:\Users\magnehh\Documents\GitHub\Nixie-imponator\Nixie-imponator-pcb-boost\Nixie-imp-boost-v1.SchDoc with transi__genNPN from Nixie-imp-sch-lib.SchLib
Replace Part T? transi__genNPN in C:\Users\magnehh\Documents\GitHub\Nixie-imponator\Nixie-imponator-pcb-boost\Nixie-imp-boost-v1.SchDoc with transi__genNPN from Nixie-imp-sch-lib.SchLib
Replace Part U* ic_batteryCharger_max1555 in C:\Users\magnehh\Documents\GitHub\Nixie-imponator\Nixie-imponator-pcb-boost\Nixie-imp-boost-v1.SchDoc with ic_batteryCharger_max1555 from Nixie-imp-sch-lib.SchLib
Replace Part V? valve_nixie_in-15b in C:\Users\magnehh\Documents\GitHub\Nixie-imponator\Nixie-imponator-pcb-boost\Nixie-imp-boost-v1.SchDoc with valve_nixie_in-15b from Nixie-imp-sch-lib.SchLib
